  Moc'ing ..\..\..\..\src\qcustomplot.h...
  The system cannot find the path specified.
  Moc'ing UniversalItemDelegate.h...
  The system cannot find the path specified.
  Moc'ing TableModel.h...
  The system cannot find the path specified.
  Moc'ing Project.h...
  The system cannot find the path specified.
  Moc'ing ParamItem.h...
  The system cannot find the path specified.
  Moc'ing MainWindow.h...
  The system cannot find the path specified.
  Moc'ing ItemWidget.h...
  The system cannot find the path specified.
  Moc'ing InImgItem.h...
  The system cannot find the path specified.
  Moc'ing ImageViewer.h...
  The system cannot find the path specified.
  Moc'ing HoverEditTriggerListView.h...
  The system cannot find the path specified.
  Rcc'ing imagedsp.qrc...
  The system cannot find the path specified.
  Uic'ing ..\..\..\..\src\InImgItem.ui...
  The system cannot find the path specified.
  Uic'ing ..\..\..\..\src\MainWindow.ui...
  The system cannot find the path specified.
  Uic'ing ..\..\..\..\src\ParamItem.ui...
  The system cannot find the path specified.
C:\Program Files (x86)\MSBuild\Microsoft.Cpp\v4.0\V140\Microsoft.CppCommon.targets(171,5): error MSB6006: "cmd.exe" exited with code 3.
